<?xml version="1.0" encoding="UTF-8"?>
<testng-results ignored="0" total="1" passed="1" failed="0" skipped="0">
  <reporter-output>
  </reporter-output>
  <suite started-at="2024-06-11T14:52:37 IST" name="Surefire suite" finished-at="2024-06-11T14:52:46 IST" duration-ms="9381">
    <groups>
    </groups>
    <test started-at="2024-06-11T14:52:37 IST" name="Surefire test" finished-at="2024-06-11T14:52:46 IST" duration-ms="9381">
      <class name="driverFactory.AppTest">
        <test-method signature="kickStart()[pri:0, instance:driverFactory.AppTest@10959ece]" started-at="2024-06-11T14:52:37 IST" name="kickStart" finished-at="2024-06-11T14:52:46 IST" duration-ms="9336" status="PASS">
          <reporter-output>
          </reporter-output>
        </test-method> <!-- kickStart -->
      </class> <!-- driverFactory.AppTest -->
    </test> <!-- Surefire test -->
  </suite> <!-- Surefire suite -->
</testng-results>
